c:\users\elbardan\desktop\thüma-neu\trunk\datenrecorder\x64\release\vc140.pdb
c:\users\elbardan\desktop\thüma-neu\trunk\datenrecorder\x64\release\main.obj
c:\users\elbardan\desktop\thüma-neu\trunk\datenrecorder\x64\release\datenrecorder.obj
c:\users\elbardan\desktop\thüma-neu\trunk\datenrecorder\x64\release\cscanner.obj
c:\users\elbardan\desktop\thüma-neu\trunk\datenrecorder\x64\release\ckalibrierung.obj
c:\users\elbardan\desktop\thüma-neu\trunk\datenrecorder\x64\release\cencoder.obj
c:\users\elbardan\desktop\thüma-neu\trunk\datenrecorder\x64\release\xmlparameter.obj
c:\users\elbardan\desktop\thüma-neu\trunk\datenrecorder\x64\release\timestamp.obj
c:\users\elbardan\desktop\thüma-neu\trunk\datenrecorder\x64\release\thread.obj
c:\users\elbardan\desktop\thüma-neu\trunk\datenrecorder\x64\release\math_na.obj
c:\users\elbardan\desktop\thüma-neu\trunk\datenrecorder\x64\release\2dfilter.obj
c:\users\elbardan\desktop\thüma-neu\trunk\datenrecorder\x64\release\datenrecorder.exe
c:\users\elbardan\desktop\thüma-neu\trunk\datenrecorder\x64\release\datenrecorder.ipdb
c:\users\elbardan\desktop\thüma-neu\trunk\datenrecorder\x64\release\datenrecorder.iobj
c:\users\elbardan\desktop\thüma-neu\trunk\datenrecorder\x64\release\datenrecorder.pdb
c:\users\elbardan\desktop\thüma-neu\trunk\datenrecorder\x64\release\datenrecorder.tlog\cl.command.1.tlog
c:\users\elbardan\desktop\thüma-neu\trunk\datenrecorder\x64\release\datenrecorder.tlog\cl.read.1.tlog
c:\users\elbardan\desktop\thüma-neu\trunk\datenrecorder\x64\release\datenrecorder.tlog\cl.write.1.tlog
c:\users\elbardan\desktop\thüma-neu\trunk\datenrecorder\x64\release\datenrecorder.tlog\link.command.1.tlog
c:\users\elbardan\desktop\thüma-neu\trunk\datenrecorder\x64\release\datenrecorder.tlog\link.read.1.tlog
c:\users\elbardan\desktop\thüma-neu\trunk\datenrecorder\x64\release\datenrecorder.tlog\link.write.1.tlog
