c:\users\elbardan\desktop\thüma-neu\trunk\laserscannerdll_pepfu_r2000\x64\release\vc140.pdb
c:\users\elbardan\desktop\thüma-neu\trunk\laserscannerdll_pepfu_r2000\x64\release\scandata.obj
c:\users\elbardan\desktop\thüma-neu\trunk\laserscannerdll_pepfu_r2000\x64\release\rotoscan.obj
c:\users\elbardan\desktop\thüma-neu\trunk\laserscannerdll_pepfu_r2000\x64\release\pafr2000scanner.obj
c:\users\elbardan\desktop\thüma-neu\trunk\laserscannerdll_pepfu_r2000\x64\release\debugoutput.obj
c:\users\elbardan\desktop\thüma-neu\trunk\laserscannerdll_pepfu_r2000\x64\release\client.obj
c:\users\elbardan\desktop\thüma-neu\trunk\laserscannerdll_pepfu_r2000\x64\release\timestamp.obj
c:\users\elbardan\desktop\thüma-neu\trunk\laserscannerdll_pepfu_r2000\x64\release\thread.obj
c:\users\elbardan\desktop\thüma-neu\trunk\laserscannerdll_pepfu_r2000\x64\release\laserscannerdll_pepfu_r2000.lib
c:\users\elbardan\desktop\thüma-neu\trunk\laserscannerdll_pepfu_r2000\x64\release\laserscannerdll_pepfu_r2000.exp
c:\users\elbardan\desktop\thüma-neu\trunk\laserscannerdll_pepfu_r2000\x64\release\laserscannerdll_pepfu_r2000.dll
c:\users\elbardan\desktop\thüma-neu\trunk\laserscannerdll_pepfu_r2000\x64\release\laserscannerdll_pepfu_r2000.ipdb
c:\users\elbardan\desktop\thüma-neu\trunk\laserscannerdll_pepfu_r2000\x64\release\laserscannerdll_pepfu_r2000.iobj
c:\users\elbardan\desktop\thüma-neu\trunk\laserscannerdll_pepfu_r2000\x64\release\laserscannerdll_pepfu_r2000.pdb
c:\users\elbardan\desktop\thüma-neu\trunk\laserscannerdll_pepfu_r2000\x64\release\lasersca.280b79a6.tlog\cl.command.1.tlog
c:\users\elbardan\desktop\thüma-neu\trunk\laserscannerdll_pepfu_r2000\x64\release\lasersca.280b79a6.tlog\cl.read.1.tlog
c:\users\elbardan\desktop\thüma-neu\trunk\laserscannerdll_pepfu_r2000\x64\release\lasersca.280b79a6.tlog\cl.write.1.tlog
c:\users\elbardan\desktop\thüma-neu\trunk\laserscannerdll_pepfu_r2000\x64\release\lasersca.280b79a6.tlog\laserscannerdll_pepfu_r2000.write.1u.tlog
c:\users\elbardan\desktop\thüma-neu\trunk\laserscannerdll_pepfu_r2000\x64\release\lasersca.280b79a6.tlog\link.command.1.tlog
c:\users\elbardan\desktop\thüma-neu\trunk\laserscannerdll_pepfu_r2000\x64\release\lasersca.280b79a6.tlog\link.read.1.tlog
c:\users\elbardan\desktop\thüma-neu\trunk\laserscannerdll_pepfu_r2000\x64\release\lasersca.280b79a6.tlog\link.write.1.tlog
