c:\users\elbardan\desktop\thüma-neu\trunk\laserscannerdll_sick_lms400\laserscannerdll_sick_lms400\x64\debug\vc140.pdb
c:\users\elbardan\desktop\thüma-neu\trunk\laserscannerdll_sick_lms400\laserscannerdll_sick_lms400\x64\debug\vc140.idb
c:\users\elbardan\desktop\thüma-neu\trunk\laserscannerdll_sick_lms400\laserscannerdll_sick_lms400\x64\debug\math_na.obj
c:\users\elbardan\desktop\thüma-neu\trunk\laserscannerdll_sick_lms400\laserscannerdll_sick_lms400\x64\debug\thread.obj
c:\users\elbardan\desktop\thüma-neu\trunk\laserscannerdll_sick_lms400\laserscannerdll_sick_lms400\x64\debug\timestamp.obj
c:\users\elbardan\desktop\thüma-neu\trunk\laserscannerdll_sick_lms400\laserscannerdll_sick_lms400\x64\debug\lascanlib.obj
c:\users\elbardan\desktop\thüma-neu\trunk\laserscannerdll_sick_lms400\laserscannerdll_sick_lms400\x64\debug\sickscan.obj
c:\users\elbardan\desktop\thüma-neu\trunk\laserscannerdll_sick_lms400\laserscannerdll_sick_lms400\x64\debug\sick_convert.obj
c:\users\elbardan\desktop\thüma-neu\trunk\laserscannerdll_sick_lms400\x64\debug\rotoscan_sicklms400_d.lib
c:\users\elbardan\desktop\thüma-neu\trunk\laserscannerdll_sick_lms400\x64\debug\rotoscan_sicklms400_d.exp
c:\users\elbardan\desktop\thüma-neu\trunk\laserscannerdll_sick_lms400\x64\debug\rotoscan_sicklms400_d.ilk
c:\users\elbardan\desktop\thüma-neu\trunk\laserscannerdll_sick_lms400\x64\debug\rotoscan_sicklms400_d.dll
c:\users\elbardan\desktop\thüma-neu\trunk\laserscannerdll_sick_lms400\x64\debug\rotoscan_sicklms400_d.pdb
c:\users\elbardan\desktop\thüma-neu\trunk\laserscannerdll_sick_lms400\laserscannerdll_sick_lms400\x64\debug\lasersca.09f96120.tlog\cl.command.1.tlog
c:\users\elbardan\desktop\thüma-neu\trunk\laserscannerdll_sick_lms400\laserscannerdll_sick_lms400\x64\debug\lasersca.09f96120.tlog\cl.read.1.tlog
c:\users\elbardan\desktop\thüma-neu\trunk\laserscannerdll_sick_lms400\laserscannerdll_sick_lms400\x64\debug\lasersca.09f96120.tlog\cl.write.1.tlog
c:\users\elbardan\desktop\thüma-neu\trunk\laserscannerdll_sick_lms400\laserscannerdll_sick_lms400\x64\debug\lasersca.09f96120.tlog\laserscannerdll_sick_lms400.write.1u.tlog
c:\users\elbardan\desktop\thüma-neu\trunk\laserscannerdll_sick_lms400\laserscannerdll_sick_lms400\x64\debug\lasersca.09f96120.tlog\link.command.1.tlog
c:\users\elbardan\desktop\thüma-neu\trunk\laserscannerdll_sick_lms400\laserscannerdll_sick_lms400\x64\debug\lasersca.09f96120.tlog\link.read.1.tlog
c:\users\elbardan\desktop\thüma-neu\trunk\laserscannerdll_sick_lms400\laserscannerdll_sick_lms400\x64\debug\lasersca.09f96120.tlog\link.write.1.tlog
