c:\users\elbardan\desktop\thuema\trunk\laserscannerdll\sick\x64\release\vc140.pdb
c:\users\elbardan\desktop\thuema\trunk\laserscannerdll\sick\x64\release\sick_convert.obj
c:\users\elbardan\desktop\thuema\trunk\laserscannerdll\sick\x64\release\sickscan.obj
c:\users\elbardan\desktop\thuema\trunk\laserscannerdll\sick\x64\release\rotoscan.obj
c:\users\elbardan\desktop\thuema\trunk\laserscannerdll\sick\x64\release\timestamp.obj
c:\users\elbardan\desktop\thuema\trunk\laserscannerdll\sick\x64\release\thread.obj
c:\users\elbardan\desktop\thuema\trunk\laserscannerdll\sick\x64\release\math_na.obj
c:\users\elbardan\desktop\thuema\trunk\laserscannerdll\x64\release\rotoscan_sick.dll
c:\users\elbardan\desktop\thuema\trunk\laserscannerdll\x64\release\rotoscan_sick.ipdb
c:\users\elbardan\desktop\thuema\trunk\laserscannerdll\x64\release\rotoscan_sick.iobj
c:\users\elbardan\desktop\thuema\trunk\laserscannerdll\x64\release\rotoscan_sick.pdb
c:\users\elbardan\desktop\thuema\trunk\laserscannerdll\x64\release\rotoscan_sick.lib
c:\users\elbardan\desktop\thuema\trunk\laserscannerdll\x64\release\rotoscan_sick.exp
c:\users\elbardan\desktop\thuema\trunk\laserscannerdll\sick\x64\release\sick_lms400.tlog\cl.command.1.tlog
c:\users\elbardan\desktop\thuema\trunk\laserscannerdll\sick\x64\release\sick_lms400.tlog\cl.read.1.tlog
c:\users\elbardan\desktop\thuema\trunk\laserscannerdll\sick\x64\release\sick_lms400.tlog\cl.write.1.tlog
c:\users\elbardan\desktop\thuema\trunk\laserscannerdll\sick\x64\release\sick_lms400.tlog\link.command.1.tlog
c:\users\elbardan\desktop\thuema\trunk\laserscannerdll\sick\x64\release\sick_lms400.tlog\link.read.1.tlog
c:\users\elbardan\desktop\thuema\trunk\laserscannerdll\sick\x64\release\sick_lms400.tlog\link.write.1.tlog
c:\users\elbardan\desktop\thuema\trunk\laserscannerdll\sick\x64\release\sick_lms400.tlog\sick_lms400.write.1u.tlog
