c:\users\el-ba\desktop\kali\trunk\kalibrierung\kalibrierung\x64\release\vc140.pdb
c:\users\el-ba\desktop\kali\trunk\kalibrierung\kalibrierung\x64\release\main.obj
c:\users\el-ba\desktop\kali\trunk\kalibrierung\kalibrierung\x64\release\ckalibrierung.obj
c:\users\el-ba\desktop\kali\trunk\kalibrierung\kalibrierung\x64\release\xmlparameter.obj
c:\users\el-ba\desktop\kali\trunk\kalibrierung\kalibrierung\x64\release\timestamp.obj
c:\users\el-ba\desktop\kali\trunk\kalibrierung\kalibrierung\x64\release\thread.obj
c:\users\el-ba\desktop\kali\trunk\kalibrierung\kalibrierung\x64\release\stdafx.obj
c:\users\el-ba\desktop\kali\trunk\kalibrierung\kalibrierung\x64\release\math_na.obj
c:\users\el-ba\desktop\kali\trunk\kalibrierung\kalibrierung\x64\release\datenrecorder.obj
c:\users\el-ba\desktop\kali\trunk\kalibrierung\kalibrierung\x64\release\cscanner.obj
c:\users\el-ba\desktop\kali\trunk\kalibrierung\kalibrierung\x64\release\cencoder.obj
c:\users\el-ba\desktop\kali\trunk\kalibrierung\kalibrierung\x64\release\2dfilter.obj
c:\users\el-ba\desktop\kali\trunk\kalibrierung\x64\release\kalibrierung.exe
c:\users\el-ba\desktop\kali\trunk\kalibrierung\x64\release\kalibrierung.ipdb
c:\users\el-ba\desktop\kali\trunk\kalibrierung\x64\release\kalibrierung.iobj
c:\users\el-ba\desktop\kali\trunk\kalibrierung\x64\release\kalibrierung.pdb
c:\users\el-ba\desktop\kali\trunk\kalibrierung\kalibrierung\x64\release\kalibrierung.tlog\cl.command.1.tlog
c:\users\el-ba\desktop\kali\trunk\kalibrierung\kalibrierung\x64\release\kalibrierung.tlog\cl.read.1.tlog
c:\users\el-ba\desktop\kali\trunk\kalibrierung\kalibrierung\x64\release\kalibrierung.tlog\cl.write.1.tlog
c:\users\el-ba\desktop\kali\trunk\kalibrierung\kalibrierung\x64\release\kalibrierung.tlog\link.command.1.tlog
c:\users\el-ba\desktop\kali\trunk\kalibrierung\kalibrierung\x64\release\kalibrierung.tlog\link.read.1.tlog
c:\users\el-ba\desktop\kali\trunk\kalibrierung\kalibrierung\x64\release\kalibrierung.tlog\link.write.1.tlog
